<?xml version="1.0" encoding="UTF-8"?>
<!-- Generated by org.testng.reporters.JUnitXMLReporter -->
<testsuite ignored="14" hostname="LAPTOP-8CLGC0DO" failures="0" tests="11" name="Test" time="4.545" errors="0" timestamp="2024-03-13T17:54:24 IST">
  <testcase classname="com.mystore.testcase.SearchResultPageTest" name="@BeforeMethod setup" time="-1.710332660072E9">
    <failure type="org.testng.TestNGException" message="
Parameter &amp;apos;browser&amp;apos; is required by BeforeMethod on method setup but has not been marked @Optional or defined
in F:\selenium\eclipse\MyStoreProject\testng_all.xml">
      <![CDATA[org.testng.TestNGException: 
Parameter 'browser' is required by BeforeMethod on method setup but has not been marked @Optional or defined
in F:\selenium\eclipse\MyStoreProject\testng_all.xml
at java.base/java.util.ArrayList.forEach(ArrayList.java:1540)
... Removed 28 stack frames]]>
    </failure>
  </testcase> <!-- @BeforeMethod setup -->
  <testcase classname="com.mystore.testcase.SearchResultPageTest" name="@AfterMethod teatDown" time="-1.710332660248E9">
    <skipped/>
  </testcase> <!-- @AfterMethod teatDown -->
  <testcase classname="com.mystore.testcase.SearchResultPageTest" name="@BeforeMethod setup" time="-1.710332660262E9">
    <skipped/>
  </testcase> <!-- @BeforeMethod setup -->
  <testcase classname="com.mystore.testcase.SearchResultPageTest" name="@AfterMethod teatDown" time="-1.710332660367E9">
    <skipped/>
  </testcase> <!-- @AfterMethod teatDown -->
  <testcase classname="com.mystore.testcase.IndexPageTest" name="@BeforeMethod setup" time="-1.710332660388E9">
    <failure type="org.testng.TestNGException" message="
Parameter &amp;apos;browser&amp;apos; is required by BeforeMethod on method setup but has not been marked @Optional or defined
in F:\selenium\eclipse\MyStoreProject\testng_all.xml">
      <![CDATA[org.testng.TestNGException: 
Parameter 'browser' is required by BeforeMethod on method setup but has not been marked @Optional or defined
in F:\selenium\eclipse\MyStoreProject\testng_all.xml
at java.base/java.util.ArrayList.forEach(ArrayList.java:1540)
... Removed 28 stack frames]]>
    </failure>
  </testcase> <!-- @BeforeMethod setup -->
  <testcase classname="com.mystore.testcase.IndexPageTest" name="@AfterMethod teatDown" time="-1.710332660429E9">
    <skipped/>
  </testcase> <!-- @AfterMethod teatDown -->
  <testcase classname="com.mystore.testcase.IndexPageTest" name="@BeforeMethod setup" time="-1.710332660445E9">
    <skipped/>
  </testcase> <!-- @BeforeMethod setup -->
  <testcase classname="com.mystore.testcase.IndexPageTest" name="@AfterMethod teatDown" time="-1.710332660492E9">
    <skipped/>
  </testcase> <!-- @AfterMethod teatDown -->
  <testcase classname="com.mystore.testcase.OrderPsageTest" name="@BeforeMethod setup" time="-1.7103326605E9">
    <failure type="org.testng.TestNGException" message="
Parameter &amp;apos;browser&amp;apos; is required by BeforeMethod on method setup but has not been marked @Optional or defined
in F:\selenium\eclipse\MyStoreProject\testng_all.xml">
      <![CDATA[org.testng.TestNGException: 
Parameter 'browser' is required by BeforeMethod on method setup but has not been marked @Optional or defined
in F:\selenium\eclipse\MyStoreProject\testng_all.xml
at java.base/java.util.ArrayList.forEach(ArrayList.java:1540)
... Removed 28 stack frames]]>
    </failure>
  </testcase> <!-- @BeforeMethod setup -->
  <testcase classname="com.mystore.testcase.OrderPsageTest" name="@AfterMethod teatDown" time="-1.710332660542E9">
    <skipped/>
  </testcase> <!-- @AfterMethod teatDown -->
  <testcase classname="com.mystore.testcase.AddTOCartPageTest" name="@BeforeMethod setup" time="-1.710332660554E9">
    <failure type="org.testng.TestNGException" message="
Parameter &amp;apos;browser&amp;apos; is required by BeforeMethod on method setup but has not been marked @Optional or defined
in F:\selenium\eclipse\MyStoreProject\testng_all.xml">
      <![CDATA[org.testng.TestNGException: 
Parameter 'browser' is required by BeforeMethod on method setup but has not been marked @Optional or defined
in F:\selenium\eclipse\MyStoreProject\testng_all.xml
at java.base/java.util.ArrayList.forEach(ArrayList.java:1540)
... Removed 28 stack frames]]>
    </failure>
  </testcase> <!-- @BeforeMethod setup -->
  <testcase classname="com.mystore.testcase.AddTOCartPageTest" name="@AfterMethod teatDown" time="-1.710332660591E9">
    <skipped/>
  </testcase> <!-- @AfterMethod teatDown -->
  <testcase classname="com.mystore.testcase.AccountCreationPageTest" name="@BeforeMethod setup" time="-1.710332660597E9">
    <failure type="org.testng.TestNGException" message="
Parameter &amp;apos;browser&amp;apos; is required by BeforeMethod on method setup but has not been marked @Optional or defined
in F:\selenium\eclipse\MyStoreProject\testng_all.xml">
      <![CDATA[org.testng.TestNGException: 
Parameter 'browser' is required by BeforeMethod on method setup but has not been marked @Optional or defined
in F:\selenium\eclipse\MyStoreProject\testng_all.xml
at java.base/java.util.ArrayList.forEach(ArrayList.java:1540)
... Removed 28 stack frames]]>
    </failure>
  </testcase> <!-- @BeforeMethod setup -->
  <testcase classname="com.mystore.testcase.AccountCreationPageTest" name="@AfterMethod teatDown" time="-1.71033266069E9">
    <skipped/>
  </testcase> <!-- @AfterMethod teatDown -->
  <testcase classname="com.mystore.testcase.EndToEndTest" name="@BeforeMethod setup" time="-1.710332660696E9">
    <failure type="org.testng.TestNGException" message="
Parameter &amp;apos;browser&amp;apos; is required by BeforeMethod on method setup but has not been marked @Optional or defined
in F:\selenium\eclipse\MyStoreProject\testng_all.xml">
      <![CDATA[org.testng.TestNGException: 
Parameter 'browser' is required by BeforeMethod on method setup but has not been marked @Optional or defined
in F:\selenium\eclipse\MyStoreProject\testng_all.xml
at java.base/java.util.ArrayList.forEach(ArrayList.java:1540)
... Removed 28 stack frames]]>
    </failure>
  </testcase> <!-- @BeforeMethod setup -->
  <testcase classname="com.mystore.testcase.EndToEndTest" name="@AfterMethod teatDown" time="-1.710332660778E9">
    <skipped/>
  </testcase> <!-- @AfterMethod teatDown -->
  <testcase classname="com.mystore.testcase.LoginPageTest" name="@BeforeMethod setup" time="-1.710332664381E9">
    <failure type="org.testng.TestNGException" message="
Parameter &amp;apos;browser&amp;apos; is required by BeforeMethod on method setup but has not been marked @Optional or defined
in F:\selenium\eclipse\MyStoreProject\testng_all.xml">
      <![CDATA[org.testng.TestNGException: 
Parameter 'browser' is required by BeforeMethod on method setup but has not been marked @Optional or defined
in F:\selenium\eclipse\MyStoreProject\testng_all.xml
at java.base/java.util.ArrayList.forEach(ArrayList.java:1540)
... Removed 28 stack frames]]>
    </failure>
  </testcase> <!-- @BeforeMethod setup -->
  <testcase classname="com.mystore.testcase.LoginPageTest" name="@AfterMethod teatDown" time="-1.710332664407E9">
    <skipped/>
  </testcase> <!-- @AfterMethod teatDown -->
  <testcase classname="com.mystore.testcase.HomePageTest" name="@BeforeMethod setup" time="-1.710332664417E9">
    <failure type="org.testng.TestNGException" message="
Parameter &amp;apos;browser&amp;apos; is required by BeforeMethod on method setup but has not been marked @Optional or defined
in F:\selenium\eclipse\MyStoreProject\testng_all.xml">
      <![CDATA[org.testng.TestNGException: 
Parameter 'browser' is required by BeforeMethod on method setup but has not been marked @Optional or defined
in F:\selenium\eclipse\MyStoreProject\testng_all.xml
at java.base/java.util.ArrayList.forEach(ArrayList.java:1540)
... Removed 28 stack frames]]>
    </failure>
  </testcase> <!-- @BeforeMethod setup -->
  <testcase classname="com.mystore.testcase.HomePageTest" name="@AfterMethod teatDown" time="-1.710332664466E9">
    <skipped/>
  </testcase> <!-- @AfterMethod teatDown -->
  <testcase classname="com.mystore.testcase.HomePageTest" name="@BeforeMethod setup" time="-1.71033266448E9">
    <skipped/>
  </testcase> <!-- @BeforeMethod setup -->
  <testcase classname="com.mystore.testcase.HomePageTest" name="@AfterMethod teatDown" time="-1.710332664511E9">
    <skipped/>
  </testcase> <!-- @AfterMethod teatDown -->
  <testcase classname="com.mystore.testcase.SearchResultPageTest" name="verifyProductAvailability" time="0.0">
    <skipped/>
  </testcase> <!-- verifyProductAvailability -->
  <testcase classname="com.mystore.testcase.SearchResultPageTest" name="verifyProductclikable" time="0.0">
    <skipped/>
  </testcase> <!-- verifyProductclikable -->
  <testcase classname="com.mystore.testcase.IndexPageTest" name="verifyTitle" time="0.001">
    <skipped/>
  </testcase> <!-- verifyTitle -->
  <testcase classname="com.mystore.testcase.IndexPageTest" name="verifylogo" time="0.0">
    <skipped/>
  </testcase> <!-- verifylogo -->
  <testcase classname="com.mystore.testcase.OrderPsageTest" name="verifyTotalPrice" time="0.0">
    <skipped/>
  </testcase> <!-- verifyTotalPrice -->
  <testcase classname="com.mystore.testcase.AddTOCartPageTest" name="verifyProducttoAddInCart" time="0.0">
    <skipped/>
  </testcase> <!-- verifyProducttoAddInCart -->
  <testcase classname="com.mystore.testcase.AccountCreationPageTest" name="verifyCreateaccountPageTest" time="0.0">
    <skipped/>
  </testcase> <!-- verifyCreateaccountPageTest -->
  <testcase classname="com.mystore.testcase.EndToEndTest" name="EndtoEndTest" time="0.0">
    <skipped/>
  </testcase> <!-- EndtoEndTest -->
  <testcase classname="com.mystore.testcase.LoginPageTest" name="logintest" time="0.0">
    <skipped/>
  </testcase> <!-- logintest -->
  <testcase classname="com.mystore.testcase.HomePageTest" name="Orderhistorydetails" time="0.0">
    <skipped/>
  </testcase> <!-- Orderhistorydetails -->
  <testcase classname="com.mystore.testcase.HomePageTest" name="verifyWishLisTest" time="0.0">
    <skipped/>
  </testcase> <!-- verifyWishLisTest -->
  <testcase classname="com.mystore.base.BaseClass" name="@BeforeSuite loadConfig" time="0.0">
    <ignored/>
  </testcase> <!-- @BeforeSuite loadConfig -->
  <testcase classname="com.mystore.base.BaseClass" name="@BeforeSuite loadConfig" time="0.0">
    <ignored/>
  </testcase> <!-- @BeforeSuite loadConfig -->
  <testcase classname="com.mystore.base.BaseClass" name="@BeforeSuite loadConfig" time="0.0">
    <ignored/>
  </testcase> <!-- @BeforeSuite loadConfig -->
  <testcase classname="com.mystore.base.BaseClass" name="@BeforeSuite loadConfig" time="0.0">
    <ignored/>
  </testcase> <!-- @BeforeSuite loadConfig -->
  <testcase classname="com.mystore.base.BaseClass" name="@BeforeSuite loadConfig" time="0.0">
    <ignored/>
  </testcase> <!-- @BeforeSuite loadConfig -->
  <testcase classname="com.mystore.base.BaseClass" name="@BeforeSuite loadConfig" time="0.0">
    <ignored/>
  </testcase> <!-- @BeforeSuite loadConfig -->
  <testcase classname="com.mystore.base.BaseClass" name="@BeforeSuite loadConfig" time="0.0">
    <ignored/>
  </testcase> <!-- @BeforeSuite loadConfig -->
  <testcase classname="com.mystore.base.BaseClass" name="@AfterSuite afterSuite" time="0.0">
    <ignored/>
  </testcase> <!-- @AfterSuite afterSuite -->
  <testcase classname="com.mystore.base.BaseClass" name="@AfterSuite afterSuite" time="0.0">
    <ignored/>
  </testcase> <!-- @AfterSuite afterSuite -->
  <testcase classname="com.mystore.base.BaseClass" name="@AfterSuite afterSuite" time="0.0">
    <ignored/>
  </testcase> <!-- @AfterSuite afterSuite -->
  <testcase classname="com.mystore.base.BaseClass" name="@AfterSuite afterSuite" time="0.0">
    <ignored/>
  </testcase> <!-- @AfterSuite afterSuite -->
  <testcase classname="com.mystore.base.BaseClass" name="@AfterSuite afterSuite" time="0.0">
    <ignored/>
  </testcase> <!-- @AfterSuite afterSuite -->
  <testcase classname="com.mystore.base.BaseClass" name="@AfterSuite afterSuite" time="0.0">
    <ignored/>
  </testcase> <!-- @AfterSuite afterSuite -->
  <testcase classname="com.mystore.base.BaseClass" name="@AfterSuite afterSuite" time="0.0">
    <ignored/>
  </testcase> <!-- @AfterSuite afterSuite -->
</testsuite> <!-- Test -->
